2025-11-12 11:51:51,357 - INFO - Database setup complete
2025-11-12 11:51:51,358 - INFO - Tracker initialized
2025-11-12 11:51:51,359 - INFO - Tracker started
2025-11-12 11:51:52,621 - INFO - Fetch #1 completed successfully
2025-11-12 11:56:53,088 - INFO - Fetch #2 completed successfully
2025-11-12 12:02:23,812 - WARNING - Attempt 1/3 failed: HTTPSConnectionPool(host='api.coingecko.com', port=443): Max retries exceeded with url: /api/v3/simple/price?ids=bitcoin%2Cethereum&vs_currencies=usd&include_24hr_change=true (Caused by NameResolutionError("<urllib3.connection.HTTPSConnection object at 0x105e03890>: Failed to resolve 'api.coingecko.com' ([Errno 8] nodename nor servname provided, or not known)"))
2025-11-12 12:02:58,820 - WARNING - Attempt 2/3 failed: HTTPSConnectionPool(host='api.coingecko.com', port=443): Max retries exceeded with url: /api/v3/simple/price?ids=bitcoin%2Cethereum&vs_currencies=usd&include_24hr_change=true (Caused by NameResolutionError("<urllib3.connection.HTTPSConnection object at 0x1060ac410>: Failed to resolve 'api.coingecko.com' ([Errno 8] nodename nor servname provided, or not known)"))
2025-11-12 12:03:33,825 - WARNING - Attempt 3/3 failed: HTTPSConnectionPool(host='api.coingecko.com', port=443): Max retries exceeded with url: /api/v3/simple/price?ids=bitcoin%2Cethereum&vs_currencies=usd&include_24hr_change=true (Caused by NameResolutionError("<urllib3.connection.HTTPSConnection object at 0x1060accd0>: Failed to resolve 'api.coingecko.com' ([Errno 8] nodename nor servname provided, or not known)"))
2025-11-12 12:03:33,825 - ERROR - All retry attempts failed
2025-11-12 12:08:34,589 - WARNING - Attempt 1/3 failed: HTTPSConnectionPool(host='api.coingecko.com', port=443): Max retries exceeded with url: /api/v3/simple/price?ids=bitcoin%2Cethereum&vs_currencies=usd&include_24hr_change=true (Caused by NameResolutionError("<urllib3.connection.HTTPSConnection object at 0x1060ace10>: Failed to resolve 'api.coingecko.com' ([Errno 8] nodename nor servname provided, or not known)"))
2025-11-12 12:08:39,595 - WARNING - Attempt 2/3 failed: HTTPSConnectionPool(host='api.coingecko.com', port=443): Max retries exceeded with url: /api/v3/simple/price?ids=bitcoin%2Cethereum&vs_currencies=usd&include_24hr_change=true (Caused by NameResolutionError("<urllib3.connection.HTTPSConnection object at 0x1060ad1d0>: Failed to resolve 'api.coingecko.com' ([Errno 8] nodename nor servname provided, or not known)"))
2025-11-12 12:08:44,602 - WARNING - Attempt 3/3 failed: HTTPSConnectionPool(host='api.coingecko.com', port=443): Max retries exceeded with url: /api/v3/simple/price?ids=bitcoin%2Cethereum&vs_currencies=usd&include_24hr_change=true (Caused by NameResolutionError("<urllib3.connection.HTTPSConnection object at 0x1060ad590>: Failed to resolve 'api.coingecko.com' ([Errno 8] nodename nor servname provided, or not known)"))
2025-11-12 12:08:44,602 - ERROR - All retry attempts failed
2025-11-12 12:13:44,858 - WARNING - Attempt 1/3 failed: HTTPSConnectionPool(host='api.coingecko.com', port=443): Max retries exceeded with url: /api/v3/simple/price?ids=bitcoin%2Cethereum&vs_currencies=usd&include_24hr_change=true (Caused by NameResolutionError("<urllib3.connection.HTTPSConnection object at 0x1060ad950>: Failed to resolve 'api.coingecko.com' ([Errno 8] nodename nor servname provided, or not known)"))
2025-11-12 12:13:49,870 - WARNING - Attempt 2/3 failed: HTTPSConnectionPool(host='api.coingecko.com', port=443): Max retries exceeded with url: /api/v3/simple/price?ids=bitcoin%2Cethereum&vs_currencies=usd&include_24hr_change=true (Caused by NameResolutionError("<urllib3.connection.HTTPSConnection object at 0x1060add10>: Failed to resolve 'api.coingecko.com' ([Errno 8] nodename nor servname provided, or not known)"))
2025-11-12 12:13:54,885 - WARNING - Attempt 3/3 failed: HTTPSConnectionPool(host='api.coingecko.com', port=443): Max retries exceeded with url: /api/v3/simple/price?ids=bitcoin%2Cethereum&vs_currencies=usd&include_24hr_change=true (Caused by NameResolutionError("<urllib3.connection.HTTPSConnection object at 0x105e039d0>: Failed to resolve 'api.coingecko.com' ([Errno 8] nodename nor servname provided, or not known)"))
2025-11-12 12:13:54,885 - ERROR - All retry attempts failed
2025-11-12 12:46:44,765 - INFO - Fetch #6 completed successfully
2025-11-12 12:57:45,021 - WARNING - Attempt 1/3 failed: HTTPSConnectionPool(host='api.coingecko.com', port=443): Max retries exceeded with url: /api/v3/simple/price?ids=bitcoin%2Cethereum&vs_currencies=usd&include_24hr_change=true (Caused by NewConnectionError('<urllib3.connection.HTTPSConnection object at 0x105e03c50>: Failed to establish a new connection: [Errno 50] Network is down'))
2025-11-12 12:58:05,072 - WARNING - Attempt 2/3 failed: HTTPSConnectionPool(host='api.coingecko.com', port=443): Max retries exceeded with url: /api/v3/simple/price?ids=bitcoin%2Cethereum&vs_currencies=usd&include_24hr_change=true (Caused by NameResolutionError("<urllib3.connection.HTTPSConnection object at 0x105e03750>: Failed to resolve 'api.coingecko.com' ([Errno 8] nodename nor servname provided, or not known)"))
2025-11-12 12:58:10,077 - WARNING - Attempt 3/3 failed: HTTPSConnectionPool(host='api.coingecko.com', port=443): Max retries exceeded with url: /api/v3/simple/price?ids=bitcoin%2Cethereum&vs_currencies=usd&include_24hr_change=true (Caused by NameResolutionError("<urllib3.connection.HTTPSConnection object at 0x1060adf90>: Failed to resolve 'api.coingecko.com' ([Errno 8] nodename nor servname provided, or not known)"))
2025-11-12 12:58:10,077 - ERROR - All retry attempts failed
2025-11-12 13:03:10,879 - WARNING - Attempt 1/3 failed: HTTPSConnectionPool(host='api.coingecko.com', port=443): Max retries exceeded with url: /api/v3/simple/price?ids=bitcoin%2Cethereum&vs_currencies=usd&include_24hr_change=true (Caused by NameResolutionError("<urllib3.connection.HTTPSConnection object at 0x1060adbd0>: Failed to resolve 'api.coingecko.com' ([Errno 8] nodename nor servname provided, or not known)"))
2025-11-12 13:03:15,894 - WARNING - Attempt 2/3 failed: HTTPSConnectionPool(host='api.coingecko.com', port=443): Max retries exceeded with url: /api/v3/simple/price?ids=bitcoin%2Cethereum&vs_currencies=usd&include_24hr_change=true (Caused by NameResolutionError("<urllib3.connection.HTTPSConnection object at 0x1060ad810>: Failed to resolve 'api.coingecko.com' ([Errno 8] nodename nor servname provided, or not known)"))
2025-11-12 13:03:20,902 - WARNING - Attempt 3/3 failed: HTTPSConnectionPool(host='api.coingecko.com', port=443): Max retries exceeded with url: /api/v3/simple/price?ids=bitcoin%2Cethereum&vs_currencies=usd&include_24hr_change=true (Caused by NameResolutionError("<urllib3.connection.HTTPSConnection object at 0x1060ad450>: Failed to resolve 'api.coingecko.com' ([Errno 8] nodename nor servname provided, or not known)"))
2025-11-12 13:03:20,902 - ERROR - All retry attempts failed
2025-11-12 13:08:21,622 - WARNING - Attempt 1/3 failed: HTTPSConnectionPool(host='api.coingecko.com', port=443): Max retries exceeded with url: /api/v3/simple/price?ids=bitcoin%2Cethereum&vs_currencies=usd&include_24hr_change=true (Caused by NameResolutionError("<urllib3.connection.HTTPSConnection object at 0x1060ad090>: Failed to resolve 'api.coingecko.com' ([Errno 8] nodename nor servname provided, or not known)"))
2025-11-12 13:08:26,627 - WARNING - Attempt 2/3 failed: HTTPSConnectionPool(host='api.coingecko.com', port=443): Max retries exceeded with url: /api/v3/simple/price?ids=bitcoin%2Cethereum&vs_currencies=usd&include_24hr_change=true (Caused by NameResolutionError("<urllib3.connection.HTTPSConnection object at 0x1060ac7d0>: Failed to resolve 'api.coingecko.com' ([Errno 8] nodename nor servname provided, or not known)"))
2025-11-12 13:08:31,632 - WARNING - Attempt 3/3 failed: HTTPSConnectionPool(host='api.coingecko.com', port=443): Max retries exceeded with url: /api/v3/simple/price?ids=bitcoin%2Cethereum&vs_currencies=usd&include_24hr_change=true (Caused by NameResolutionError("<urllib3.connection.HTTPSConnection object at 0x1060ac2d0>: Failed to resolve 'api.coingecko.com' ([Errno 8] nodename nor servname provided, or not known)"))
2025-11-12 13:08:31,633 - ERROR - All retry attempts failed
2025-11-12 13:39:10,792 - WARNING - Attempt 1/3 failed: HTTPSConnectionPool(host='api.coingecko.com', port=443): Max retries exceeded with url: /api/v3/simple/price?ids=bitcoin%2Cethereum&vs_currencies=usd&include_24hr_change=true (Caused by NameResolutionError("<urllib3.connection.HTTPSConnection object at 0x1060ac910>: Failed to resolve 'api.coingecko.com' ([Errno 8] nodename nor servname provided, or not known)"))
2025-11-12 13:39:15,804 - WARNING - Attempt 2/3 failed: HTTPSConnectionPool(host='api.coingecko.com', port=443): Max retries exceeded with url: /api/v3/simple/price?ids=bitcoin%2Cethereum&vs_currencies=usd&include_24hr_change=true (Caused by NameResolutionError("<urllib3.connection.HTTPSConnection object at 0x1060ae350>: Failed to resolve 'api.coingecko.com' ([Errno 8] nodename nor servname provided, or not known)"))
2025-11-12 13:39:20,815 - WARNING - Attempt 3/3 failed: HTTPSConnectionPool(host='api.coingecko.com', port=443): Max retries exceeded with url: /api/v3/simple/price?ids=bitcoin%2Cethereum&vs_currencies=usd&include_24hr_change=true (Caused by NameResolutionError("<urllib3.connection.HTTPSConnection object at 0x1060ae710>: Failed to resolve 'api.coingecko.com' ([Errno 8] nodename nor servname provided, or not known)"))
2025-11-12 13:39:20,816 - ERROR - All retry attempts failed
2025-11-12 13:55:17,200 - WARNING - Attempt 1/3 failed: HTTPSConnectionPool(host='api.coingecko.com', port=443): Max retries exceeded with url: /api/v3/simple/price?ids=bitcoin%2Cethereum&vs_currencies=usd&include_24hr_change=true (Caused by NameResolutionError("<urllib3.connection.HTTPSConnection object at 0x1060aead0>: Failed to resolve 'api.coingecko.com' ([Errno 8] nodename nor servname provided, or not known)"))
2025-11-12 13:55:22,205 - WARNING - Attempt 2/3 failed: HTTPSConnectionPool(host='api.coingecko.com', port=443): Max retries exceeded with url: /api/v3/simple/price?ids=bitcoin%2Cethereum&vs_currencies=usd&include_24hr_change=true (Caused by NameResolutionError("<urllib3.connection.HTTPSConnection object at 0x1060aee90>: Failed to resolve 'api.coingecko.com' ([Errno 8] nodename nor servname provided, or not known)"))
2025-11-12 13:55:27,220 - WARNING - Attempt 3/3 failed: HTTPSConnectionPool(host='api.coingecko.com', port=443): Max retries exceeded with url: /api/v3/simple/price?ids=bitcoin%2Cethereum&vs_currencies=usd&include_24hr_change=true (Caused by NameResolutionError("<urllib3.connection.HTTPSConnection object at 0x1060af250>: Failed to resolve 'api.coingecko.com' ([Errno 8] nodename nor servname provided, or not known)"))
2025-11-12 13:55:27,220 - ERROR - All retry attempts failed
2025-11-12 14:13:43,017 - WARNING - Attempt 1/3 failed: HTTPSConnectionPool(host='api.coingecko.com', port=443): Max retries exceeded with url: /api/v3/simple/price?ids=bitcoin%2Cethereum&vs_currencies=usd&include_24hr_change=true (Caused by NameResolutionError("<urllib3.connection.HTTPSConnection object at 0x105e03890>: Failed to resolve 'api.coingecko.com' ([Errno 8] nodename nor servname provided, or not known)"))
2025-11-12 14:13:48,029 - WARNING - Attempt 2/3 failed: HTTPSConnectionPool(host='api.coingecko.com', port=443): Max retries exceeded with url: /api/v3/simple/price?ids=bitcoin%2Cethereum&vs_currencies=usd&include_24hr_change=true (Caused by NameResolutionError("<urllib3.connection.HTTPSConnection object at 0x105e03ed0>: Failed to resolve 'api.coingecko.com' ([Errno 8] nodename nor servname provided, or not known)"))
2025-11-12 14:13:53,045 - WARNING - Attempt 3/3 failed: HTTPSConnectionPool(host='api.coingecko.com', port=443): Max retries exceeded with url: /api/v3/simple/price?ids=bitcoin%2Cethereum&vs_currencies=usd&include_24hr_change=true (Caused by NameResolutionError("<urllib3.connection.HTTPSConnection object at 0x105e039d0>: Failed to resolve 'api.coingecko.com' ([Errno 8] nodename nor servname provided, or not known)"))
2025-11-12 14:13:53,045 - ERROR - All retry attempts failed
2025-11-12 14:49:13,533 - WARNING - Attempt 1/3 failed: HTTPSConnectionPool(host='api.coingecko.com', port=443): Max retries exceeded with url: /api/v3/simple/price?ids=bitcoin%2Cethereum&vs_currencies=usd&include_24hr_change=true (Caused by NameResolutionError("<urllib3.connection.HTTPSConnection object at 0x1060af250>: Failed to resolve 'api.coingecko.com' ([Errno 8] nodename nor servname provided, or not known)"))
2025-11-12 14:49:18,541 - WARNING - Attempt 2/3 failed: HTTPSConnectionPool(host='api.coingecko.com', port=443): Max retries exceeded with url: /api/v3/simple/price?ids=bitcoin%2Cethereum&vs_currencies=usd&include_24hr_change=true (Caused by NameResolutionError("<urllib3.connection.HTTPSConnection object at 0x1060aee90>: Failed to resolve 'api.coingecko.com' ([Errno 8] nodename nor servname provided, or not known)"))
2025-11-12 14:49:23,552 - WARNING - Attempt 3/3 failed: HTTPSConnectionPool(host='api.coingecko.com', port=443): Max retries exceeded with url: /api/v3/simple/price?ids=bitcoin%2Cethereum&vs_currencies=usd&include_24hr_change=true (Caused by NameResolutionError("<urllib3.connection.HTTPSConnection object at 0x1060aead0>: Failed to resolve 'api.coingecko.com' ([Errno 8] nodename nor servname provided, or not known)"))
2025-11-12 14:49:23,553 - ERROR - All retry attempts failed
2025-11-12 16:50:16,009 - WARNING - Attempt 1/3 failed: HTTPSConnectionPool(host='api.coingecko.com', port=443): Max retries exceeded with url: /api/v3/simple/price?ids=bitcoin%2Cethereum&vs_currencies=usd&include_24hr_change=true (Caused by NameResolutionError("<urllib3.connection.HTTPSConnection object at 0x1060ae710>: Failed to resolve 'api.coingecko.com' ([Errno 8] nodename nor servname provided, or not known)"))
2025-11-12 16:50:21,021 - WARNING - Attempt 2/3 failed: HTTPSConnectionPool(host='api.coingecko.com', port=443): Max retries exceeded with url: /api/v3/simple/price?ids=bitcoin%2Cethereum&vs_currencies=usd&include_24hr_change=true (Caused by NameResolutionError("<urllib3.connection.HTTPSConnection object at 0x1060ae350>: Failed to resolve 'api.coingecko.com' ([Errno 8] nodename nor servname provided, or not known)"))
2025-11-12 16:50:26,028 - WARNING - Attempt 3/3 failed: HTTPSConnectionPool(host='api.coingecko.com', port=443): Max retries exceeded with url: /api/v3/simple/price?ids=bitcoin%2Cethereum&vs_currencies=usd&include_24hr_change=true (Caused by NameResolutionError("<urllib3.connection.HTTPSConnection object at 0x1060ac910>: Failed to resolve 'api.coingecko.com' ([Errno 8] nodename nor servname provided, or not known)"))
2025-11-12 16:50:26,028 - ERROR - All retry attempts failed
2025-11-12 18:51:20,019 - WARNING - Attempt 1/3 failed: HTTPSConnectionPool(host='api.coingecko.com', port=443): Max retries exceeded with url: /api/v3/simple/price?ids=bitcoin%2Cethereum&vs_currencies=usd&include_24hr_change=true (Caused by NameResolutionError("<urllib3.connection.HTTPSConnection object at 0x1060ac2d0>: Failed to resolve 'api.coingecko.com' ([Errno 8] nodename nor servname provided, or not known)"))
2025-11-12 18:51:25,032 - WARNING - Attempt 2/3 failed: HTTPSConnectionPool(host='api.coingecko.com', port=443): Max retries exceeded with url: /api/v3/simple/price?ids=bitcoin%2Cethereum&vs_currencies=usd&include_24hr_change=true (Caused by NameResolutionError("<urllib3.connection.HTTPSConnection object at 0x1060ac7d0>: Failed to resolve 'api.coingecko.com' ([Errno 8] nodename nor servname provided, or not known)"))
2025-11-12 18:51:30,047 - WARNING - Attempt 3/3 failed: HTTPSConnectionPool(host='api.coingecko.com', port=443): Max retries exceeded with url: /api/v3/simple/price?ids=bitcoin%2Cethereum&vs_currencies=usd&include_24hr_change=true (Caused by NameResolutionError("<urllib3.connection.HTTPSConnection object at 0x1060ad090>: Failed to resolve 'api.coingecko.com' ([Errno 8] nodename nor servname provided, or not known)"))
2025-11-12 18:51:30,047 - ERROR - All retry attempts failed
2025-11-12 20:52:23,129 - WARNING - Attempt 1/3 failed: HTTPSConnectionPool(host='api.coingecko.com', port=443): Max retries exceeded with url: /api/v3/simple/price?ids=bitcoin%2Cethereum&vs_currencies=usd&include_24hr_change=true (Caused by NameResolutionError("<urllib3.connection.HTTPSConnection object at 0x1060ad450>: Failed to resolve 'api.coingecko.com' ([Errno 8] nodename nor servname provided, or not known)"))
2025-11-12 20:52:28,133 - WARNING - Attempt 2/3 failed: HTTPSConnectionPool(host='api.coingecko.com', port=443): Max retries exceeded with url: /api/v3/simple/price?ids=bitcoin%2Cethereum&vs_currencies=usd&include_24hr_change=true (Caused by NameResolutionError("<urllib3.connection.HTTPSConnection object at 0x1060ad810>: Failed to resolve 'api.coingecko.com' ([Errno 8] nodename nor servname provided, or not known)"))
2025-11-12 20:52:33,142 - WARNING - Attempt 3/3 failed: HTTPSConnectionPool(host='api.coingecko.com', port=443): Max retries exceeded with url: /api/v3/simple/price?ids=bitcoin%2Cethereum&vs_currencies=usd&include_24hr_change=true (Caused by NameResolutionError("<urllib3.connection.HTTPSConnection object at 0x1060adbd0>: Failed to resolve 'api.coingecko.com' ([Errno 8] nodename nor servname provided, or not known)"))
2025-11-12 20:52:33,143 - ERROR - All retry attempts failed
2025-11-12 21:10:35,018 - WARNING - Attempt 1/3 failed: HTTPSConnectionPool(host='api.coingecko.com', port=443): Max retries exceeded with url: /api/v3/simple/price?ids=bitcoin%2Cethereum&vs_currencies=usd&include_24hr_change=true (Caused by NameResolutionError("<urllib3.connection.HTTPSConnection object at 0x1060adf90>: Failed to resolve 'api.coingecko.com' ([Errno 8] nodename nor servname provided, or not known)"))
2025-11-12 21:10:40,020 - WARNING - Attempt 2/3 failed: HTTPSConnectionPool(host='api.coingecko.com', port=443): Max retries exceeded with url: /api/v3/simple/price?ids=bitcoin%2Cethereum&vs_currencies=usd&include_24hr_change=true (Caused by NameResolutionError("<urllib3.connection.HTTPSConnection object at 0x1060af750>: Failed to resolve 'api.coingecko.com' ([Errno 8] nodename nor servname provided, or not known)"))
2025-11-12 23:10:41,175 - WARNING - Attempt 3/3 failed: HTTPSConnectionPool(host='api.coingecko.com', port=443): Max retries exceeded with url: /api/v3/simple/price?ids=bitcoin%2Cethereum&vs_currencies=usd&include_24hr_change=true (Caused by NameResolutionError("<urllib3.connection.HTTPSConnection object at 0x105e039d0>: Failed to resolve 'api.coingecko.com' ([Errno 8] nodename nor servname provided, or not known)"))
2025-11-12 23:10:41,175 - ERROR - All retry attempts failed
2025-11-13 01:10:46,027 - WARNING - Attempt 1/3 failed: HTTPSConnectionPool(host='api.coingecko.com', port=443): Max retries exceeded with url: /api/v3/simple/price?ids=bitcoin%2Cethereum&vs_currencies=usd&include_24hr_change=true (Caused by NameResolutionError("<urllib3.connection.HTTPSConnection object at 0x105e03ed0>: Failed to resolve 'api.coingecko.com' ([Errno 8] nodename nor servname provided, or not known)"))
2025-11-13 01:10:51,038 - WARNING - Attempt 2/3 failed: HTTPSConnectionPool(host='api.coingecko.com', port=443): Max retries exceeded with url: /api/v3/simple/price?ids=bitcoin%2Cethereum&vs_currencies=usd&include_24hr_change=true (Caused by NameResolutionError("<urllib3.connection.HTTPSConnection object at 0x105e03890>: Failed to resolve 'api.coingecko.com' ([Errno 8] nodename nor servname provided, or not known)"))
2025-11-13 03:10:55,537 - WARNING - Attempt 3/3 failed: HTTPSConnectionPool(host='api.coingecko.com', port=443): Max retries exceeded with url: /api/v3/simple/price?ids=bitcoin%2Cethereum&vs_currencies=usd&include_24hr_change=true (Caused by NameResolutionError("<urllib3.connection.HTTPSConnection object at 0x1060af750>: Failed to resolve 'api.coingecko.com' ([Errno 8] nodename nor servname provided, or not known)"))
2025-11-13 03:10:55,537 - ERROR - All retry attempts failed
2025-11-13 05:10:56,046 - WARNING - Attempt 1/3 failed: HTTPSConnectionPool(host='api.coingecko.com', port=443): Max retries exceeded with url: /api/v3/simple/price?ids=bitcoin%2Cethereum&vs_currencies=usd&include_24hr_change=true (Caused by NameResolutionError("<urllib3.connection.HTTPSConnection object at 0x1060adf90>: Failed to resolve 'api.coingecko.com' ([Errno 8] nodename nor servname provided, or not known)"))
2025-11-13 05:11:01,058 - WARNING - Attempt 2/3 failed: HTTPSConnectionPool(host='api.coingecko.com', port=443): Max retries exceeded with url: /api/v3/simple/price?ids=bitcoin%2Cethereum&vs_currencies=usd&include_24hr_change=true (Caused by NameResolutionError("<urllib3.connection.HTTPSConnection object at 0x1060adbd0>: Failed to resolve 'api.coingecko.com' ([Errno 8] nodename nor servname provided, or not known)"))
2025-11-13 07:11:05,607 - WARNING - Attempt 3/3 failed: HTTPSConnectionPool(host='api.coingecko.com', port=443): Max retries exceeded with url: /api/v3/simple/price?ids=bitcoin%2Cethereum&vs_currencies=usd&include_24hr_change=true (Caused by NameResolutionError("<urllib3.connection.HTTPSConnection object at 0x1060ad810>: Failed to resolve 'api.coingecko.com' ([Errno 8] nodename nor servname provided, or not known)"))
2025-11-13 07:11:05,613 - ERROR - All retry attempts failed
2025-11-13 09:11:06,129 - WARNING - Attempt 1/3 failed: HTTPSConnectionPool(host='api.coingecko.com', port=443): Max retries exceeded with url: /api/v3/simple/price?ids=bitcoin%2Cethereum&vs_currencies=usd&include_24hr_change=true (Caused by NameResolutionError("<urllib3.connection.HTTPSConnection object at 0x1060ad450>: Failed to resolve 'api.coingecko.com' ([Errno 8] nodename nor servname provided, or not known)"))
2025-11-13 10:43:48,019 - WARNING - Attempt 2/3 failed: HTTPSConnectionPool(host='api.coingecko.com', port=443): Max retries exceeded with url: /api/v3/simple/price?ids=bitcoin%2Cethereum&vs_currencies=usd&include_24hr_change=true (Caused by NameResolutionError("<urllib3.connection.HTTPSConnection object at 0x1060ad090>: Failed to resolve 'api.coingecko.com' ([Errno 8] nodename nor servname provided, or not known)"))
2025-11-13 10:43:53,030 - WARNING - Attempt 3/3 failed: HTTPSConnectionPool(host='api.coingecko.com', port=443): Max retries exceeded with url: /api/v3/simple/price?ids=bitcoin%2Cethereum&vs_currencies=usd&include_24hr_change=true (Caused by NameResolutionError("<urllib3.connection.HTTPSConnection object at 0x1060ac7d0>: Failed to resolve 'api.coingecko.com' ([Errno 8] nodename nor servname provided, or not known)"))
2025-11-13 10:43:53,030 - ERROR - All retry attempts failed
2025-11-13 10:45:45,360 - INFO - Received signal 2
2025-11-13 10:45:45,362 - INFO - Stopping tracker
2025-11-13 10:45:45,367 - INFO - Tracker stopped (fetches: 20, errors: 17)
